<?xml version="1.0" encoding="UTF-8"?>
<!-- Generated by org.testng.reporters.JUnitReportReporter -->
<testsuite hostname="DESKTOP-8RB6N7I" name="TestNG.first" tests="2" failures="0" timestamp="21 Apr 2018 09:42:38 GMT" time="0.003" errors="0">
  <testcase name="TC1" time="0.002" classname="TestNG.first"/>
  <testcase name="TC2" time="0.001" classname="TestNG.first"/>
</testsuite> <!-- TestNG.first -->
