<?xml version="1.0" encoding="UTF-8"?>
<!-- Generated by org.testng.reporters.JUnitReportReporter -->
<testsuite hostname="DESKTOP-8RB6N7I" name="TestNG.Second" tests="1" failures="0" timestamp="21 Apr 2018 09:42:38 GMT" time="0.005" errors="0">
  <testcase name="TC3" time="0.005" classname="TestNG.Second"/>
</testsuite> <!-- TestNG.Second -->
