<?xml version="1.0" encoding="UTF-8"?>
<!-- Generated by org.testng.reporters.JUnitReportReporter -->
<testsuite hostname="DESKTOP-8RB6N7I" name="TestNG.Third" tests="1" failures="0" timestamp="21 Apr 2018 09:42:38 GMT" time="0.000" errors="0">
  <testcase name="TC4" time="0.000" classname="TestNG.Third"/>
</testsuite> <!-- TestNG.Third -->
